<?xml version="1.0" encoding="UTF-8"?>
<!-- Generated by org.testng.reporters.JUnitReportReporter -->
<testsuite skipped="2" hostname="Rishi" name="com.crm.qa.testCases.LoginPageTest" tests="2" failures="0" timestamp="02 May 2019 09:37:30 GMT" time="0.000" errors="0">
  <testcase name="loginPageTitle" time="0.000" classname="com.crm.qa.testCases.LoginPageTest">
    <skipped/>
  </testcase> <!-- loginPageTitle -->
  <testcase name="loginTest" time="0.000" classname="com.crm.qa.testCases.LoginPageTest">
    <skipped/>
  </testcase> <!-- loginTest -->
</testsuite> <!-- com.crm.qa.testCases.LoginPageTest -->
